[debug] [2025-04-10T03:53:14.082Z] ----------------------------------------------------------------------
[debug] [2025-04-10T03:53:14.083Z] Command:       /usr/local/bin/node /usr/local/bin/firebase init
[debug] [2025-04-10T03:53:14.083Z] CLI Version:   14.1.0
[debug] [2025-04-10T03:53:14.084Z] Platform:      darwin
[debug] [2025-04-10T03:53:14.084Z] Node Version:  v22.14.0
[debug] [2025-04-10T03:53:14.084Z] Time:          Wed Apr 09 2025 23:53:14 GMT-0400 (Horário de Verão do Leste)
[debug] [2025-04-10T03:53:14.084Z] ----------------------------------------------------------------------
[debug] 
[debug] [2025-04-10T03:53:14.086Z] > command requires scopes: ["email","openid","https://www.googleapis.com/auth/cloudplatformprojects.readonly","https://www.googleapis.com/auth/firebase","https://www.googleapis.com/auth/cloud-platform"]
[debug] [2025-04-10T03:53:14.087Z] > authorizing via signed-in user (uily.com@gmail.com)
[info] 
     ######## #### ########  ######## ########     ###     ######  ########
     ##        ##  ##     ## ##       ##     ##  ##   ##  ##       ##
     ######    ##  ########  ######   ########  #########  ######  ######
     ##        ##  ##    ##  ##       ##     ## ##     ##       ## ##
     ##       #### ##     ## ######## ########  ##     ##  ######  ########

You're about to initialize a Firebase project in this directory:

  /Users/uilyoliveira/vetpro-ai

[info] 
=== Project Setup
[info] 
[info] First, let's associate this project directory with a Firebase project.
[info] You can create multiple project aliases by running firebase use --add, 
[info] but for now we'll just set up a default project.
[info] 
[debug] [2025-04-10T03:53:26.626Z] Checked if tokens are valid: true, expires at: 1744260720749
[debug] [2025-04-10T03:53:26.627Z] Checked if tokens are valid: true, expires at: 1744260720749
[debug] [2025-04-10T03:53:26.628Z] >>> [apiv2][query] GET https://firebase.googleapis.com/v1beta1/projects pageSize=100
[debug] [2025-04-10T03:53:27.069Z] <<< [apiv2][status] GET https://firebase.googleapis.com/v1beta1/projects 200
[debug] [2025-04-10T03:53:27.070Z] <<< [apiv2][body] GET https://firebase.googleapis.com/v1beta1/projects [omitted]
[info] i  Using project vetpro-ai (VetPro AI) 
[info] 
=== Hosting Setup
[debug] [2025-04-10T03:53:29.076Z] Checked if tokens are valid: true, expires at: 1744260720749
[debug] [2025-04-10T03:53:29.076Z] Checked if tokens are valid: true, expires at: 1744260720749
[debug] [2025-04-10T03:53:29.077Z] >>> [apiv2][query] GET https://firebase.googleapis.com/v1beta1/projects/vetpro-ai [none]
[debug] [2025-04-10T03:53:29.434Z] <<< [apiv2][status] GET https://firebase.googleapis.com/v1beta1/projects/vetpro-ai 200
[debug] [2025-04-10T03:53:29.435Z] <<< [apiv2][body] GET https://firebase.googleapis.com/v1beta1/projects/vetpro-ai {"projectId":"vetpro-ai","projectNumber":"1031436532766","displayName":"VetPro AI","name":"projects/vetpro-ai","resources":{"hostingSite":"vetpro-ai"},"state":"ACTIVE","etag":"1_24490b46-ddd1-4712-9690-53d394be08ce"}
[info] 
[info] Your public directory is the folder (relative to your project directory) that
[info] will contain Hosting assets to be uploaded with firebase deploy. If you
[info] have a build process for your assets, use your build's output directory.
[info] 
[info] ✔  Wrote public/404.html 
[debug] [2025-04-10T03:53:52.803Z] >>> [apiv2][query] GET https://www.gstatic.com/firebasejs/releases.json [none]
[debug] [2025-04-10T03:53:53.184Z] <<< [apiv2][status] GET https://www.gstatic.com/firebasejs/releases.json 200
[debug] [2025-04-10T03:53:53.184Z] <<< [apiv2][body] GET https://www.gstatic.com/firebasejs/releases.json {"current":{"version":"11.6.0","browserURL":"https://www.gstatic.com/firebasejs/11.6.0/firebase.js","packageURL":"https://www.gstatic.com/firebasejs/11.6.0/firebase.tgz"},"live":{"version":"11.6","browserURL":"https://www.gstatic.com/firebasejs/live/11.6/firebase.js","packageURL":"https://www.gstatic.com/firebasejs/live/11.6/firebase.tgz"},"components":{"analytics":"https://www.gstatic.com/firebasejs/11.6.0/firebase-analytics.js","app":"https://www.gstatic.com/firebasejs/11.6.0/firebase-app.js","app-check":"https://www.gstatic.com/firebasejs/11.6.0/firebase-app-check.js","auth":"https://www.gstatic.com/firebasejs/11.6.0/firebase-auth.js","auth/cordova":"https://www.gstatic.com/firebasejs/11.6.0/firebase-auth/cordova.js","auth/web-extension":"https://www.gstatic.com/firebasejs/11.6.0/firebase-auth/web-extension.js","functions":"https://www.gstatic.com/firebasejs/11.6.0/firebase-functions.js","firestore":"https://www.gstatic.com/firebasejs/11.6.0/firebase-firestore.js","firestore/lite":"https://www.gstatic.com/firebasejs/11.6.0/firebase-firestore/lite.js","installations":"https://www.gstatic.com/firebasejs/11.6.0/firebase-installations.js","storage":"https://www.gstatic.com/firebasejs/11.6.0/firebase-storage.js","performance":"https://www.gstatic.com/firebasejs/11.6.0/firebase-performance.js","remote-config":"https://www.gstatic.com/firebasejs/11.6.0/firebase-remote-config.js","messaging":"https://www.gstatic.com/firebasejs/11.6.0/firebase-messaging.js","messaging/sw":"https://www.gstatic.com/firebasejs/11.6.0/firebase-messaging/sw.js","database":"https://www.gstatic.com/firebasejs/11.6.0/firebase-database.js","vertexai":"https://www.gstatic.com/firebasejs/11.6.0/firebase-vertexai.js","data-connect":"https://www.gstatic.com/firebasejs/11.6.0/firebase-data-connect.js","firestore.memory":"https://www.gstatic.com/firebasejs/11.6.0/firebase-firestore.memory.js"}}
[info] ✔  Wrote public/index.html 
[info] 
[info] i  Detected a .git folder at /Users/uilyoliveira/vetpro-ai 
[info] i  Authorizing with GitHub to upload your service account to a GitHub repository's secrets store. 
[info] 
[info] Visit this URL on this device to log in:
[info] https://github.com/login/oauth/authorize?client_id=89cf50f02ac6aaed3484&state=480976652&redirect_uri=http%3A%2F%2Flocalhost%3A9005&scope=read%3Auser%20repo%20public_repo
[info] 
[info] Waiting for authentication...
[debug] [2025-04-10T03:57:16.516Z] >>> [apiv2][query] POST https://github.com/login/oauth/access_token [none]
[debug] [2025-04-10T03:57:16.517Z] >>> [apiv2][body] POST https://github.com/login/oauth/access_token [stream]
[debug] [2025-04-10T03:57:16.808Z] <<< [apiv2][status] POST https://github.com/login/oauth/access_token 200
[debug] [2025-04-10T03:57:16.808Z] <<< [apiv2][body] POST https://github.com/login/oauth/access_token {"access_token":"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","token_type":"bearer","scope":"read:user,repo"}
[debug] [2025-04-10T03:57:16.814Z] >>> [apiv2][query] GET https://api.github.com/user [none]
[debug] [2025-04-10T03:57:17.124Z] <<< [apiv2][status] GET https://api.github.com/user 200
[debug] [2025-04-10T03:57:17.125Z] <<< [apiv2][body] GET https://api.github.com/user {"login":"uilyoliveira","id":206975013,"node_id":"U_kgDODFYwJQ","avatar_url":"https://avatars.githubusercontent.com/u/206975013?v=4","gravatar_id":"","url":"https://api.github.com/users/uilyoliveira","html_url":"https://github.com/uilyoliveira","followers_url":"https://api.github.com/users/uilyoliveira/followers","following_url":"https://api.github.com/users/uilyoliveira/following{/other_user}","gists_url":"https://api.github.com/users/uilyoliveira/gists{/gist_id}","starred_url":"https://api.github.com/users/uilyoliveira/starred{/owner}{/repo}","subscriptions_url":"https://api.github.com/users/uilyoliveira/subscriptions","organizations_url":"https://api.github.com/users/uilyoliveira/orgs","repos_url":"https://api.github.com/users/uilyoliveira/repos","events_url":"https://api.github.com/users/uilyoliveira/events{/privacy}","received_events_url":"https://api.github.com/users/uilyoliveira/received_events","type":"User","user_view_type":"private","site_admin":false,"name":null,"company":null,"blog":"","location":null,"email":null,"hireable":null,"bio":null,"twitter_username":null,"notification_email":null,"public_repos":0,"public_gists":0,"followers":0,"following":0,"created_at":"2025-04-10T03:57:06Z","updated_at":"2025-04-10T03:57:13Z","private_gists":0,"total_private_repos":0,"owned_private_repos":0,"disk_usage":0,"collaborators":0,"two_factor_authentication":false,"plan":{"name":"free","space":976562499,"collaborators":0,"private_repos":10000}}
[info] 
[info] ✔  Success! Logged into GitHub as uilyoliveira 
[info] 
[debug] [2025-04-10T03:57:25.305Z] >>> [apiv2][query] GET https://api.github.com/repos//actions/secrets/public-key type=owner
[debug] [2025-04-10T03:57:25.487Z] <<< [apiv2][status] GET https://api.github.com/repos//actions/secrets/public-key 404
[debug] [2025-04-10T03:57:25.488Z] <<< [apiv2][body] GET https://api.github.com/repos//actions/secrets/public-key {"message":"Not Found","documentation_url":"https://docs.github.com/rest","status":"404"}
[info] 
[info] 
[error] ⚠  The provided authorization cannot be used with this repository. If this repository is in an organization, did you remember to grant access? 
[info] 
[info] i  Action required: Visit this URL to ensure access has been granted to the appropriate organization(s) for the Firebase CLI GitHub OAuth App: 
[info] https://github.com/settings/connections/applications/89cf50f02ac6aaed3484
[info] 
[debug] [2025-04-10T03:57:46.777Z] >>> [apiv2][query] GET https://api.github.com/repos//actions/secrets/public-key type=owner
[debug] [2025-04-10T03:57:46.983Z] <<< [apiv2][status] GET https://api.github.com/repos//actions/secrets/public-key 404
[debug] [2025-04-10T03:57:46.983Z] <<< [apiv2][body] GET https://api.github.com/repos//actions/secrets/public-key {"message":"Not Found","documentation_url":"https://docs.github.com/rest","status":"404"}
[info] 
[info] 
[error] ⚠  The provided authorization cannot be used with this repository. If this repository is in an organization, did you remember to grant access? 
[info] 
[info] i  Action required: Visit this URL to ensure access has been granted to the appropriate organization(s) for the Firebase CLI GitHub OAuth App: 
[info] https://github.com/settings/connections/applications/89cf50f02ac6aaed3484
[info] 
[debug] [2025-04-10T03:58:05.207Z] >>> [apiv2][query] GET https://api.github.com/repos/y/actions/secrets/public-key type=owner
[debug] [2025-04-10T03:58:05.434Z] <<< [apiv2][status] GET https://api.github.com/repos/y/actions/secrets/public-key 404
[debug] [2025-04-10T03:58:05.435Z] <<< [apiv2][body] GET https://api.github.com/repos/y/actions/secrets/public-key {"message":"Not Found","documentation_url":"https://docs.github.com/rest","status":"404"}
[info] 
[info] 
[error] ⚠  The provided authorization cannot be used with this repository. If this repository is in an organization, did you remember to grant access? 
[info] 
[info] i  Action required: Visit this URL to ensure access has been granted to the appropriate organization(s) for the Firebase CLI GitHub OAuth App: 
[info] https://github.com/settings/connections/applications/89cf50f02ac6aaed3484
[info] 
[debug] [2025-04-10T03:59:14.942Z] >>> [apiv2][query] GET https://api.github.com/repos/y/actions/secrets/public-key type=owner
[debug] [2025-04-10T03:59:15.142Z] <<< [apiv2][status] GET https://api.github.com/repos/y/actions/secrets/public-key 404
[debug] [2025-04-10T03:59:15.142Z] <<< [apiv2][body] GET https://api.github.com/repos/y/actions/secrets/public-key {"message":"Not Found","documentation_url":"https://docs.github.com/rest","status":"404"}
[info] 
[info] 
[error] ⚠  The provided authorization cannot be used with this repository. If this repository is in an organization, did you remember to grant access? 
[info] 
[info] i  Action required: Visit this URL to ensure access has been granted to the appropriate organization(s) for the Firebase CLI GitHub OAuth App: 
[info] https://github.com/settings/connections/applications/89cf50f02ac6aaed3484
[info] 
[debug] [2025-04-10T03:59:16.155Z] >>> [apiv2][query] GET https://api.github.com/repos/y/actions/secrets/public-key type=owner
[debug] [2025-04-10T03:59:16.273Z] <<< [apiv2][status] GET https://api.github.com/repos/y/actions/secrets/public-key 404
[debug] [2025-04-10T03:59:16.273Z] <<< [apiv2][body] GET https://api.github.com/repos/y/actions/secrets/public-key {"message":"Not Found","documentation_url":"https://docs.github.com/rest","status":"404"}
[info] 
[info] 
[error] ⚠  The provided authorization cannot be used with this repository. If this repository is in an organization, did you remember to grant access? 
[info] 
[info] i  Action required: Visit this URL to ensure access has been granted to the appropriate organization(s) for the Firebase CLI GitHub OAuth App: 
[info] https://github.com/settings/connections/applications/89cf50f02ac6aaed3484
[info] 
[debug] [2025-04-10T03:59:43.765Z] >>> [apiv2][query] GET https://api.github.com/repos/yuilyoliveira/vetpro-ai/actions/secrets/public-key type=owner
[debug] [2025-04-10T03:59:43.946Z] <<< [apiv2][status] GET https://api.github.com/repos/yuilyoliveira/vetpro-ai/actions/secrets/public-key 404
[debug] [2025-04-10T03:59:43.947Z] <<< [apiv2][body] GET https://api.github.com/repos/yuilyoliveira/vetpro-ai/actions/secrets/public-key {"message":"Not Found","documentation_url":"https://docs.github.com/rest/actions/secrets#get-a-repository-public-key","status":"404"}
[info] 
[info] 
[error] ⚠  The provided authorization cannot be used with this repository. If this repository is in an organization, did you remember to grant access? 
[info] 
[info] i  Action required: Visit this URL to ensure access has been granted to the appropriate organization(s) for the Firebase CLI GitHub OAuth App: 
[info] https://github.com/settings/connections/applications/89cf50f02ac6aaed3484
[info] 
[debug] [2025-04-10T03:59:53.736Z] >>> [apiv2][query] GET https://api.github.com/repos/uilyoliveira/vetpro-ai/actions/secrets/public-key type=owner
[debug] [2025-04-10T03:59:53.981Z] <<< [apiv2][status] GET https://api.github.com/repos/uilyoliveira/vetpro-ai/actions/secrets/public-key 404
[debug] [2025-04-10T03:59:53.982Z] <<< [apiv2][body] GET https://api.github.com/repos/uilyoliveira/vetpro-ai/actions/secrets/public-key {"message":"Not Found","documentation_url":"https://docs.github.com/rest/actions/secrets#get-a-repository-public-key","status":"404"}
[info] 
[info] 
[error] ⚠  The provided authorization cannot be used with this repository. If this repository is in an organization, did you remember to grant access? 
[info] 
[info] i  Action required: Visit this URL to ensure access has been granted to the appropriate organization(s) for the Firebase CLI GitHub OAuth App: 
[info] https://github.com/settings/connections/applications/89cf50f02ac6aaed3484
[info] 
[debug] [2025-04-10T04:00:53.513Z] >>> [apiv2][query] GET https://api.github.com/repos/uilyoliveira/vetpro-ai/actions/secrets/public-key type=owner
[debug] [2025-04-10T04:00:53.749Z] <<< [apiv2][status] GET https://api.github.com/repos/uilyoliveira/vetpro-ai/actions/secrets/public-key 404
[debug] [2025-04-10T04:00:53.749Z] <<< [apiv2][body] GET https://api.github.com/repos/uilyoliveira/vetpro-ai/actions/secrets/public-key {"message":"Not Found","documentation_url":"https://docs.github.com/rest/actions/secrets#get-a-repository-public-key","status":"404"}
[info] 
[info] 
[error] ⚠  The provided authorization cannot be used with this repository. If this repository is in an organization, did you remember to grant access? 
[info] 
[info] i  Action required: Visit this URL to ensure access has been granted to the appropriate organization(s) for the Firebase CLI GitHub OAuth App: 
[info] https://github.com/settings/connections/applications/89cf50f02ac6aaed3484
[info] 
[debug] [2025-04-10T04:00:57.275Z] >>> [apiv2][query] GET https://api.github.com/repos/uilyoliveira/vetpro-ai/actions/secrets/public-key type=owner
[debug] [2025-04-10T04:00:57.367Z] <<< [apiv2][status] GET https://api.github.com/repos/uilyoliveira/vetpro-ai/actions/secrets/public-key 404
[debug] [2025-04-10T04:00:57.368Z] <<< [apiv2][body] GET https://api.github.com/repos/uilyoliveira/vetpro-ai/actions/secrets/public-key {"message":"Not Found","documentation_url":"https://docs.github.com/rest/actions/secrets#get-a-repository-public-key","status":"404"}
[info] 
[info] 
[error] ⚠  The provided authorization cannot be used with this repository. If this repository is in an organization, did you remember to grant access? 
[info] 
[info] i  Action required: Visit this URL to ensure access has been granted to the appropriate organization(s) for the Firebase CLI GitHub OAuth App: 
[info] https://github.com/settings/connections/applications/89cf50f02ac6aaed3484
[info] 
[debug] [2025-04-10T04:00:57.929Z] >>> [apiv2][query] GET https://api.github.com/repos/uilyoliveira/vetpro-ai/actions/secrets/public-key type=owner
[debug] [2025-04-10T04:00:58.018Z] <<< [apiv2][status] GET https://api.github.com/repos/uilyoliveira/vetpro-ai/actions/secrets/public-key 404
[debug] [2025-04-10T04:00:58.018Z] <<< [apiv2][body] GET https://api.github.com/repos/uilyoliveira/vetpro-ai/actions/secrets/public-key {"message":"Not Found","documentation_url":"https://docs.github.com/rest/actions/secrets#get-a-repository-public-key","status":"404"}
[info] 
[info] 
[error] ⚠  The provided authorization cannot be used with this repository. If this repository is in an organization, did you remember to grant access? 
[info] 
[info] i  Action required: Visit this URL to ensure access has been granted to the appropriate organization(s) for the Firebase CLI GitHub OAuth App: 
[info] https://github.com/settings/connections/applications/89cf50f02ac6aaed3484
[info] 
[debug] [2025-04-10T04:00:58.122Z] >>> [apiv2][query] GET https://api.github.com/repos/uilyoliveira/vetpro-ai/actions/secrets/public-key type=owner
[debug] [2025-04-10T04:00:58.203Z] <<< [apiv2][status] GET https://api.github.com/repos/uilyoliveira/vetpro-ai/actions/secrets/public-key 404
[debug] [2025-04-10T04:00:58.204Z] <<< [apiv2][body] GET https://api.github.com/repos/uilyoliveira/vetpro-ai/actions/secrets/public-key {"message":"Not Found","documentation_url":"https://docs.github.com/rest/actions/secrets#get-a-repository-public-key","status":"404"}
[info] 
[info] 
[error] ⚠  The provided authorization cannot be used with this repository. If this repository is in an organization, did you remember to grant access? 
[info] 
[info] i  Action required: Visit this URL to ensure access has been granted to the appropriate organization(s) for the Firebase CLI GitHub OAuth App: 
[info] https://github.com/settings/connections/applications/89cf50f02ac6aaed3484
[info] 
[debug] [2025-04-10T04:00:58.285Z] >>> [apiv2][query] GET https://api.github.com/repos/uilyoliveira/vetpro-ai/actions/secrets/public-key type=owner
[debug] [2025-04-10T04:00:58.394Z] <<< [apiv2][status] GET https://api.github.com/repos/uilyoliveira/vetpro-ai/actions/secrets/public-key 404
[debug] [2025-04-10T04:00:58.394Z] <<< [apiv2][body] GET https://api.github.com/repos/uilyoliveira/vetpro-ai/actions/secrets/public-key {"message":"Not Found","documentation_url":"https://docs.github.com/rest/actions/secrets#get-a-repository-public-key","status":"404"}
[info] 
[info] 
[error] ⚠  The provided authorization cannot be used with this repository. If this repository is in an organization, did you remember to grant access? 
[info] 
[info] i  Action required: Visit this URL to ensure access has been granted to the appropriate organization(s) for the Firebase CLI GitHub OAuth App: 
[info] https://github.com/settings/connections/applications/89cf50f02ac6aaed3484
[info] 
[debug] [2025-04-10T04:00:58.439Z] >>> [apiv2][query] GET https://api.github.com/repos/uilyoliveira/vetpro-ai/actions/secrets/public-key type=owner
[debug] [2025-04-10T04:00:58.531Z] <<< [apiv2][status] GET https://api.github.com/repos/uilyoliveira/vetpro-ai/actions/secrets/public-key 404
[debug] [2025-04-10T04:00:58.532Z] <<< [apiv2][body] GET https://api.github.com/repos/uilyoliveira/vetpro-ai/actions/secrets/public-key {"message":"Not Found","documentation_url":"https://docs.github.com/rest/actions/secrets#get-a-repository-public-key","status":"404"}
[info] 
[info] 
[error] ⚠  The provided authorization cannot be used with this repository. If this repository is in an organization, did you remember to grant access? 
[info] 
[info] i  Action required: Visit this URL to ensure access has been granted to the appropriate organization(s) for the Firebase CLI GitHub OAuth App: 
[info] https://github.com/settings/connections/applications/89cf50f02ac6aaed3484
[info] 
[debug] [2025-04-10T04:00:58.600Z] >>> [apiv2][query] GET https://api.github.com/repos/uilyoliveira/vetpro-ai/actions/secrets/public-key type=owner
[debug] [2025-04-10T04:00:58.688Z] <<< [apiv2][status] GET https://api.github.com/repos/uilyoliveira/vetpro-ai/actions/secrets/public-key 404
[debug] [2025-04-10T04:00:58.688Z] <<< [apiv2][body] GET https://api.github.com/repos/uilyoliveira/vetpro-ai/actions/secrets/public-key {"message":"Not Found","documentation_url":"https://docs.github.com/rest/actions/secrets#get-a-repository-public-key","status":"404"}
[info] 
[info] 
[error] ⚠  The provided authorization cannot be used with this repository. If this repository is in an organization, did you remember to grant access? 
[info] 
[info] i  Action required: Visit this URL to ensure access has been granted to the appropriate organization(s) for the Firebase CLI GitHub OAuth App: 
[info] https://github.com/settings/connections/applications/89cf50f02ac6aaed3484
[info] 
[debug] [2025-04-10T04:00:58.774Z] >>> [apiv2][query] GET https://api.github.com/repos/uilyoliveira/vetpro-ai/actions/secrets/public-key type=owner
[debug] [2025-04-10T04:00:58.865Z] <<< [apiv2][status] GET https://api.github.com/repos/uilyoliveira/vetpro-ai/actions/secrets/public-key 404
[debug] [2025-04-10T04:00:58.865Z] <<< [apiv2][body] GET https://api.github.com/repos/uilyoliveira/vetpro-ai/actions/secrets/public-key {"message":"Not Found","documentation_url":"https://docs.github.com/rest/actions/secrets#get-a-repository-public-key","status":"404"}
[info] 
[info] 
[error] ⚠  The provided authorization cannot be used with this repository. If this repository is in an organization, did you remember to grant access? 
[info] 
[info] i  Action required: Visit this URL to ensure access has been granted to the appropriate organization(s) for the Firebase CLI GitHub OAuth App: 
[info] https://github.com/settings/connections/applications/89cf50f02ac6aaed3484
[info] 
[debug] [2025-04-10T04:02:52.013Z] >>> [apiv2][query] GET https://api.github.com/repos/uilyoliveira/vetpro-ai .github/workflows/firebase-hosting-pull-request.yml/actions/secrets/public-key type=owner
[debug] [2025-04-10T04:02:52.272Z] <<< [apiv2][status] GET https://api.github.com/repos/uilyoliveira/vetpro-ai .github/workflows/firebase-hosting-pull-request.yml/actions/secrets/public-key 404
[debug] [2025-04-10T04:02:52.273Z] <<< [apiv2][body] GET https://api.github.com/repos/uilyoliveira/vetpro-ai .github/workflows/firebase-hosting-pull-request.yml/actions/secrets/public-key {"message":"Not Found","documentation_url":"https://docs.github.com/rest","status":"404"}
[info] 
[info] 
[error] ⚠  The provided authorization cannot be used with this repository. If this repository is in an organization, did you remember to grant access? 
[info] 
[info] i  Action required: Visit this URL to ensure access has been granted to the appropriate organization(s) for the Firebase CLI GitHub OAuth App: 
[info] https://github.com/settings/connections/applications/89cf50f02ac6aaed3484
[info] 
